<?xml version="1.0" encoding="UTF-8"?>
<!-- Generated by org.testng.reporters.JUnitReportReporter -->
<testsuite hostname="RAJA" failures="0" tests="2" name="com.qa.testscripts.TC_RediffRegistration_01" time="4.922" errors="0" timestamp="2021-08-19T12:14:05 IST" skipped="0">
  <testcase classname="com.qa.testscripts.TC_RediffRegistration_01" name="startTest" time="1.320"/>
  <system-out/>
  <testcase classname="com.qa.testscripts.TC_RediffRegistration_01" name="TestTwo" time="3.602"/>
  <system-out/>
</testsuite> <!-- com.qa.testscripts.TC_RediffRegistration_01 -->
