<?xml version="1.0" encoding="UTF-8"?>
<!-- Generated by org.testng.reporters.JUnitReportReporter -->
<testsuite hostname="RAJA" failures="0" tests="4" name="com.qa.testscripts.TC_AmazonSearch_01" time="46.791" errors="0" timestamp="2021-09-25T19:53:44 IST" skipped="0">
  <testcase classname="com.qa.testscripts.TC_AmazonSearch_01" name="SearchItem" time="11.002"/>
  <system-out>
    <![CDATA[Modemis searched
TP-Link TL-WA801N 300 Mbps Wireless N Access Point, Multi-SSID Mode, Supports Passive PoE, Two Fixed Antennas
PowerFills Pro - 12V,2A and 9V,2A Dual Voltage UPS for WiFi Router, Broadband Modem, CCTV
TP-LINK TD-W8961N Wireless N300 ADSL2+ Wi-Fi Modem Router, 2x 5dBi Omni directional Fixed antennas, Input ISPs supported- BSNL, MTNL, Tata Indicom (RJ-11 Port)
TP-Link Archer AC1200 Archer C6 Wi-Fi Speed Up to 867 Mbps/5 GHz + 300 Mbps/2.4 GHz, 5 Gigabit Ports, 4 External Antennas and 1 Internal Antenna WiFi Coverage with Access Point Mode, Qualcomm Chipset
TP-Link Archer C50 AC1200 Dual Band Wireless Cable Router, Wi-Fi Speed Up to 867 Mbps/5 GHz + 300 Mbps/2.4 GHz, Supports Parental Control, Guest Wi-Fi, VPN
Netlink WiFi Modem Dual Antenna with Voice GPON/EPON HG323RGW ONT This ONU is Compatible for BSNL ftth 300 Mbps Wireless Speed 1GE+1FE+1POTS+WiFi
Airtel AMF-311WW Data Card (Black), 4g Hotspot Support with 2300 Mah Battery
Artis AR-MINIDC-3 Mini UPS for WiFi Router/Modem/CCTV/Set top Box/POE Devices. 8800mAh Battery. Supports 9V/12V-1A/1.5A/2A Routers. USB Port Phone Charging.Battery Level Indicator. BIS Certified
D-Link DIR-650IN Wireless N300 Router with 4 Antennas, Router |AP | Repeater | Client | WISP Client/Repeater Modes
PowerFills Pro - 12V,2A and 9V,2A Dual Voltage UPS for WiFi Router, Broadband Modem, CCTV
Enter USB Modem Tri Band 150Mbps 4G LTE Dongle, Stick Data Card 2G/3G/4G All Sim Support
TP-LINK TL-WN821N 300 MBPS WiFi WI-FI Wireless N USB Adapter, MIMO Technology, WPS Button, Supports Windows 10/8.1/8/7/XP, Mac OS, Linux, Easy Setup
Cuzor Mini UPS for 12V 2.5A Wi-Fi Router and Modem | Replaceable Battery | Power Backup up to 4 Hours | Supports UP to 2.5a| Jio and Airtel Xtreme Compatible
STORME RouterBuddy 12V UPS for WiFi Routers and Broadband Modem (12V=1A) - Not for Jio/Nokia Routers or 12V-1.5A / 12V-2A Routers
Coconut WUD04 4G Dongle with All sim Support | 4g Data Card with WiFi Hotspot | Fast 4g WiFi dongle
Zebronics ZEB-CU5013 Portable CFL UPS(Black)
TechSuprem 12V 1Amp Dual Pin DC Power Adapter, 120W Charger for SMPS, CCTV Camera, Wi-Fi, Modem, TV, Led Lights - (Input:100-240V 50/60Hz, Output:12 Volt 1 Amps) (Set of 1)
Cuzor Mini UPS for 12V Wi-Fi Router and Modem | Replaceable Battery | Power Backup up to 4 Hours | Supports All (12V-2A) (12V-1.5A)(12V-1A) | Auto Cut Off Support
Tenda AC10 AC1200 Wireless Smart Dual-Band Gigabit WiFi Router, MU-MIMO, 4 Gigabit Ports, 867Mbps/5 GHz+ 300Mbps /2.4GHz, Support VPN Server, WiFi Schedule, (Black, Not a Modem)
Luminous LMU1202, 12V/25W, Micro DC UPS for WiFi Modem & Router, Power Backup & Protection
D-Link DSL-2730U Wireless-N 150 ADSL2+ 4-Port Router (Black), Works with RJ-11(Telephone Line Internet) of BSNL & MTNL
D-Link DIR-825 MU-MIMO Gigabit Wireless Router, Dual Band, 1200 Mbps Wi-Fi Speed, 5 Gigabit Port, 4 External Antenna, Router | Access Point |Repeater Mode
Mi Smart Router 4C, 300 Mbps with 4 high-Performance Antenna & App Control
TP-Link Archer C60 AC1350 Dual Band Wireless, Wi-Fi Speed Up to 867 Mbps/5 GHz + 300 Mbps/2.4 GHz, Supports Parental Control, Guest WiFi, MU-MIMO Router, Qualcomm Chipset
D-Link DSL-2750U Wireless-N 300 ADSL2/2+ 4-Port Router , RJ-11 Internet port.(Works with Telephone Line of BSNL & MTNL)
Tenda N301 Wireless-N300 Easy Setup Router (White, Not a Modem)
SYROTECH NETWORKS LTD. EPON Optical Network Unit with 1 GE port
Coconut WUD04 4G Dongle with All sim Support | 4g Data Card with WiFi Hotspot | Fast 4g WiFi dongle
AmazonBasics DHMSA Adjustable Monitor Stand
TP-LINK TL-PoE150S PoE Injector Adapter, IEEE 802.3af Compliant, up to 100 Meters (325 Feet),Gigabit -10/100/1000,Black]]>
  </system-out>
  <testcase classname="com.qa.testscripts.TC_AmazonSearch_01" name="SearchItem" time="12.439"/>
  <system-out>
    <![CDATA[screen recorder is not searched
Fast Screen Recorder - 1 PC, 1 Year (Email Delivery in 24 hours - No CD)
Malnadkart.Online CyberLink Screen Recorder Deluxe 2021 Lifetime Value Free, [Software was Inside the 4 GB SD Card (Black) Worth of 285/-] Only SD Card Delivery (NO DVD/CD) - PC Full Software
Malnadkart.Online Apowersoft Screen Recorder, Lifetime Value Free, [Software was Inside the 4GB Flash Micro SD Card (Black) - Worth of 285/-] Only SD Card Delivery (NO DVD/CD) - PC Full Software
Tunes Screen Recorder Video & Audio Full HD (E-mail-Delivery No-CD-Rom)
Fast Video Downloader - 1 PC, 1 Year (Email Delivery in 24 hours - No CD)
Screen Recorder : best Screen Recorder with audio
Screen Recorder
Screen Recorder
Screen Recorder
Screen Recorder : Video Recorder 𝐰𝐢𝐭𝐡 𝐚𝐮𝐝𝐢𝐨, Screen Record,game recording no ADS No Watermark
7SEVEN 4K HDMI Screen Capture Recorder for Laptop PC TV Set TOP Box DSLR Camcorder to Live SREAMING Gaming Teaching Video Conference Live Broadcasting Support USB 3.0 with Audio 3.5mm & HD Loop Out
Abooza Portable 2.5 Inch Colorful Hd Screen Dvr Vehicle Camera Video Recorder
7SEVEN 4K HDMI Screen Capture Recorder for Laptop PC TV Android Box Set TOP Box DSLR Camcorder to Live SREAMING Gaming Teaching Video Conference Live Broadcasting Support USB 3.0 with HD Loop Out
Procus Iris Car Dash Camera, FHD 1080P, 2" LCD Screen Video Recorder, 120° Wide Angle Lens, G-Sensor, Motion Detector, Loop Recorder, Expandable Upto 32GB
Apeman Car Dash Cam 1080P FHD DVR Car Driving Recorder 3-inch LCD Screen 170 Degree Wide Angle, G-Sensor, WDR, Parking Monitor, Loop Recording, Motion Detection
SAFE CAMS D101 Full HD Car Driving Video Recorder with 3'' LCD Screen, 170 Degree Wide Angle Lens, G-Sensor and 32GB SD Card Now Included
BLESSBE Kids Digital Camera, Web Camera for Computer Child Video Recorder Camera Full HD 1080P Handy Portable Camera 2.0 Screen, with Inbuilt Games for Kids (Pink) BB15
FTS PARFACT EYE Digital Voice Recorder MP3 Player LCD Screen Audio Recording Rechargeable AC1513
KZLYNN Digital Voice Recorder MP3 Player LCD Screen Audio Sound Recording Rechargeable Support 64GB Card Hidden Voice Activated Recorder
Etzin Hdmi Capture Card with 4K 1080P 60FPS Game Capture Card with USB 3.0 Screen Recorder with Dual Screen Mode USB Capture Device for Nintendo Switch|Xbox One|PS4|3ds|PC
HD Plus Video Capture, Full HD Surgery Recorder with Screen Compatible with Storz, Stryker, Maxer, Wolf and All Type HD Medical Camera.]]>
  </system-out>
  <testcase classname="com.qa.testscripts.TC_AmazonSearch_01" name="SearchItem" time="11.973"/>
  <system-out>
    <![CDATA[Vikingsis searched
The Viking World (Routledge Worlds)
A Brief History of the Vikings (Brief Histories)
Viking: A historical fiction adventure (Viking Ventures Book 1)
Viking Blood and Blade
The Viking Saga (A Puffin Book)
Vicious Vikings (Horrible Histories)
The Saxons and Vikings (History of Britain S.)
The Pirate Bride: 11 (Viking I)
Viking Economics: How the Scandinavians Got It Right-and How We Can, Too
The Invention of Russia: From Gorbachev's Freedom to Putin's War
The Vikings: Voyagers of Discovery and Plunder (General Military)
Vikings: A Nonfiction Companion to Magic Tree House #15: Viking Ships at Sunrise: 33 (Magic Tree House (R) Fact Tracker)
NORSE MYTHOLOGY: The Viking History Explained Simply. Fascinating Timeless Tales of Treasure and Magic, Ice Giants and Dwarves who have Inspired so much Modern Fiction
Viking Raid: A Robert Fairchild Novel
Viking Ships at Sunrise: 15 (Magic Tree House (R))
ASTERIX AND THE VIKINGS : THE BOOK OF THE FILM
The Treasure of the Viking Ship (Thea Stilton)
Magic Tree House : Voyage of the Vikings
Loki Ascending: 3 (Viking Warriors)
Viking Town (Spectacular Visual Guides)]]>
  </system-out>
  <testcase classname="com.qa.testscripts.TC_AmazonSearch_01" name="SearchItem" time="11.377"/>
  <system-out>
    <![CDATA[Da vinci codeis searched
The Mozart Conspiracy: Book 2 (Ben Hope)
Attitude Is Everything: Change Your Attitude ... Change Your Life!
The Da Vinci Code: (Robert Langdon Book 2)
The Da Vinci Code (Abridged Edition)
The Da Vinci Code
DA VINCI CODE
The Da Vinci Code: A Novel: 2 (Robert Langdon)
The Da Vinci Code
Davinci Code
Cracking the Da Vinci Code: The Unauthorized Guide to the Facts Behind the Fiction
The Complete Novels of Sherlock Holmes
Namaha - Stories From The Land Of Gods And Goddesses: Illustrated Stories Hardcover Edition Special Print
The da Vinci code
Beyond Da Vinci Code: Pt. 3: Toward the Social Rejuvenation of Humankind, Understanding the Prevailing Capitalism as a Cult of Anti-christianity ... Capitalism as a Cult of Anti-christianity)
Beyond Da Vinci Code: Pt. 2: Toward the Social Rejuvenation of Humankind, Understanding the Prevailing Capitalism as a Cult of Anti-christianity ... Capitalism as a Cult of Anti-christianity)
Angels and Demons + The Da Vinci Code
The Robert Langdon Collection by Dan Brown: Inferno/The Lost Symbol/The Da Vinci Code/Angels & Demons
The Da Vinci Code: (Robert Langdon Book 2)+Angels and Demons: (Robert Langdon Book 1)+Deception Point(Set of 3books)
Robert Langdon Series Collection 7 Books Set By Dan Brown (Angels And Demons, The Da Vinci Code, The Lost Symbol, Inferno, Origin, Digital Fortress, Deception Point)
The Da Vinci Code: (Robert Langdon Book 2)+Digital Fortress(Set of 2books)
World’s Greatest Classics (Box Set of 4 Books)
1984 (Deluxe Hardbound Edition)]]>
  </system-out>
</testsuite> <!-- com.qa.testscripts.TC_AmazonSearch_01 -->
