<?xml version="1.0" encoding="UTF-8"?>
<!-- Generated by org.testng.reporters.JUnitReportReporter -->
<testsuite hostname="RAJA" failures="0" tests="2" name="com.qa.testscripts.TestTwo" time="0.003" errors="0" timestamp="2021-08-19T12:33:09 IST" skipped="0">
  <testcase classname="com.qa.testscripts.TestTwo" name="test1" time="0.001"/>
  <system-out/>
  <testcase classname="com.qa.testscripts.TestTwo" name="test2" time="0.002"/>
  <system-out/>
</testsuite> <!-- com.qa.testscripts.TestTwo -->
