<?xml version="1.0" encoding="UTF-8"?>
<!-- Generated by org.testng.reporters.JUnitReportReporter -->
<testsuite hostname="RAJA" failures="0" tests="3" name="com.qa.testscripts.TC_GuruTours_01" time="30.857" errors="0" timestamp="2021-08-26T11:23:05 IST" skipped="0">
  <testcase classname="com.qa.testscripts.TC_GuruTours_01" name="StartTest" time="11.076"/>
  <system-out/>
  <testcase classname="com.qa.testscripts.TC_GuruTours_01" name="StartTest" time="9.905"/>
  <system-out/>
  <testcase classname="com.qa.testscripts.TC_GuruTours_01" name="StartTest" time="9.876"/>
  <system-out/>
</testsuite> <!-- com.qa.testscripts.TC_GuruTours_01 -->
