<?xml version="1.0" encoding="UTF-8"?>
<!-- Generated by org.testng.reporters.JUnitReportReporter -->
<testsuite hostname="RAJA" failures="0" tests="1" name="com.qa.testscripts.TC_GoogleAccCreation_01" time="14.138" errors="0" timestamp="2021-08-25T20:55:27 IST" skipped="0">
  <testcase classname="com.qa.testscripts.TC_GoogleAccCreation_01" name="SelectLinks" time="14.138"/>
  <system-out>
    <![CDATA[Create your Google Account
Help
Privacy
Terms
Privacy Policy – Privacy & Terms – Google



Sign in






































Take the Privacy Check-Up
Archived versions
Download PDF
Introduction
Information that Google collects
Why Google collects data
Your privacy controls
Sharing your information
Keeping your information secure
Exporting & deleting your information
Retaining your information
Compliance & cooperation with regulators
About this policy
Related privacy practices
key terms
contact us
ads you’ll find most useful
the people who matter most to you online
unique identifiers
device
personal information
personal information
phone number
payment information
devices
unique identifiers
IP address
Android device with Google apps
Views and interactions with content and ads
synced with your Google Account
services to make and receive calls or send and receive messages
Go to Google Account
IP address
Sensor data from your device
Information about things near your device
turn your Android device’s location on or off
Location History
publicly accessible sources
protect against abuse
advertising and research services on their behalf
cookies
pixel tags
browser web storage
application data caches
server logs
deliver our services
ensure that our services are working as intended
make improvements
customised search results
Security Check-Up
personalised ads
sensitive categories
Go to Ad Settings
link information
safety and reliability
detect abuse
algorithms
combine the information we collect
your activity on other sites and apps
Privacy Check-Up
Product Privacy Guide
Go to Privacy Check-Up
Google Account
Go to Activity Controls
partner with Google
Go to Ad Settings
Go to About You
Go to Shared Endorsements
Go to My Activity
Go to Dashboard
Go to Personal Info
Choose
YouTube Search History
YouTube Watch History
Manage
Export your data
request to remove content
specific Google services
My Activity
Delete specific Google products
Delete your entire Google Account
Delete your information
Inactive Account Manager
cookie
rely on cookies to function properly
modify location settings
ads, depending on your Shared Endorsements setting
use Google Home to make a reservation
sensitive personal information
domain administrator
affiliates
legal process or enforceable governmental request
Transparency Report
non-personally identifiable information
show trends
specific partners
Safe Browsing
2 Step Verification
Export your data
specific Google services
My Activity
Delete specific Google products
Delete your entire Google Account
Delete your information
activity information
choose to have it deleted automatically
advertising data
data retention periods
servers around the world
legal frameworks
affiliates
archived versions
Chrome & the Chrome Operating System
Payments
Fiber
Google Fi
Google Workspace for Education
Read Along
YouTube Kids
Google Accounts Managed with Family Link, for Children under 13 (or applicable age in your country)
Voice and audio collection from children’s features on the Google Assistant
Google Cloud Privacy Notice
Your Google Account
Privacy Check-Up
Google’s safety centre
Privacy & Terms
Technologies
How Google uses cookies
Advertising
How Google uses pattern recognition
How Google uses information from sites or apps that use our services




































Google
About Google
Privacy
Terms
Google Terms of Service – Privacy & Terms – Google



Sign in


































Archived versions
Download PDF
Country version:
services
the way that Google’s business works
certain things that we’ve always believed to be true
What you can expect from us
What we expect from you
Content in Google services
In case of problems or disagreements
Privacy Policy
update, manage, export and delete your information
services
age required to manage your own Google Account
services
service-specific additional terms and policies
Introduction
Your relationship with Google
Using Google services
Content in Google services
Software in Google services
In case of problems or disagreements
About these terms
services
how Google’s business works and how we earn money
affiliates
your content
Google Takeout
services
service-specific additional terms
Privacy Policy
Copyright Help Centre
Safety Centre
policies site
intellectual property rights
service-specific additional terms and policies
report abuse
Taking action in case of problems
your content
Your content
intellectual property rights
your content
Service-related communications
Purpose
Ads Settings
If you meet these age requirements
create a Google Account
services
Security Check-Up
organisations
services
Privacy Policy
services
Permission to use your content
your content
Removing your content
intellectual property rights
send us notice of the infringement
copyright
Copyright Help Centre
services
service-specific additional terms
Google Brand Permissions
services
organisations
services
consumer
services
warranty
services
Warranty
service-specific additional terms
liability
service-specific additional terms
business user
organisation
indemnify
services
service-specific additional terms
indemnification
liability
services
your content
service-specific additional terms or policies
intellectual property rights
service-specific additional terms or policies
liability
you can appeal
appreciate knowing why
contact page
service-specific additional terms
services
organisations
services
service-specific additional terms
service-specific additional terms
service-specific additional terms
service-specific additional terms
your content




Google
About Google
Privacy
Terms]]>
  </system-out>
</testsuite> <!-- com.qa.testscripts.TC_GoogleAccCreation_01 -->
