<?xml version="1.0" encoding="UTF-8"?>
<!-- Generated by org.testng.reporters.JUnitReportReporter -->
<testsuite hostname="RAJA" failures="0" tests="1" name="com.qa.testscripts.TC_PopUp" time="12.401" errors="0" timestamp="2021-08-31T17:41:42 IST" skipped="0">
  <testcase classname="com.qa.testscripts.TC_PopUp" name="startTest" time="12.401"/>
  <system-out/>
</testsuite> <!-- com.qa.testscripts.TC_PopUp -->
