<?xml version="1.0" encoding="UTF-8"?>
<!-- Generated by org.testng.reporters.JUnitReportReporter -->
<testsuite hostname="RAJA" failures="0" tests="2" name="com.qa.testscripts.TestOne" time="0.005" errors="0" timestamp="2021-08-20T15:42:00 IST" skipped="0">
  <testcase classname="com.qa.testscripts.TestOne" name="test1" time="0.004"/>
  <system-out/>
  <testcase classname="com.qa.testscripts.TestOne" name="test2" time="0.001"/>
  <system-out/>
</testsuite> <!-- com.qa.testscripts.TestOne -->
