<?xml version="1.0" encoding="UTF-8"?>
<!-- Generated by org.testng.reporters.JUnitReportReporter -->
<testsuite hostname="RAJA" failures="0" tests="1" name="com.qa.testscripts.GuruTestCase" time="13.223" errors="0" timestamp="2021-08-17T12:52:21 IST" skipped="0">
  <testcase classname="com.qa.testscripts.GuruTestCase" name="StartTest" time="13.223"/>
  <system-out/>
</testsuite> <!-- com.qa.testscripts.GuruTestCase -->
