<?xml version="1.0" encoding="UTF-8"?>
<!-- Generated by org.testng.reporters.JUnitReportReporter -->
<testsuite hostname="RAJA" failures="0" tests="10" name="com.qa.testscripts.TC_GoogleSearchItem_01" time="85.456" errors="0" timestamp="2021-08-24T13:46:25 IST" skipped="0">
  <testcase classname="com.qa.testscripts.TC_GoogleSearchItem_01" name="SearchItem" time="10.543"/>
  <system-out>
    <![CDATA[selenium
selenium interview questions
selenium tutorial
selenium webdriver
selenium download
selenium testing
selenium rich foods
selenium interview questions for experienced
selenium ide
selenium webdriver download

Title has Selenium]]>
  </system-out>
  <testcase classname="com.qa.testscripts.TC_GoogleSearchItem_01" name="SearchItem" time="8.943"/>
  <system-out>
    <![CDATA[test automation
test automation framework
test automation tools
test automation university
test automation in software testing
test automation engineer
test automation framework design
test automation process
test automation architect
test automation interview questions

Title has Test Automation]]>
  </system-out>
  <testcase classname="com.qa.testscripts.TC_GoogleSearchItem_01" name="SearchItem" time="8.851"/>
  <system-out>
    <![CDATA[test automation
test automation framework
test automation tools
test automation university
test automation in software testing
test automation framework types
test automation engineer
test automation framework design
test automation process
test automation architect

Title has Test Automation]]>
  </system-out>
  <testcase classname="com.qa.testscripts.TC_GoogleSearchItem_01" name="SearchItem" time="8.294"/>
  <system-out>
    <![CDATA[qa lead interview questions
qa lead jobs in chennai
qa lead
qa lead salary in india
qa lead responsibilities
qa lead salary
qa lead resume
qa lead roles and responsibilities in agile
qa lead jobs
qa lead job description

Title has QA Lead]]>
  </system-out>
  <testcase classname="com.qa.testscripts.TC_GoogleSearchItem_01" name="SearchItem" time="7.449"/>
  <system-out>
    <![CDATA[soapui download
soapui
soapui tutorial
soapui testing
soapui tool
soapui vs postman
soapui interview questions
soapui automation
soapui 5.5.0 download
soapui install

Title has SoapUI]]>
  </system-out>
  <testcase classname="com.qa.testscripts.TC_GoogleSearchItem_01" name="SearchItem" time="7.384"/>
  <system-out>
    <![CDATA[testng
testng annotations
testng interview questions
testng framework
testng maven dependency
testng download
testng in selenium
testng annotations order
testng tutorial
testng jar download

Title has TestNg]]>
  </system-out>
  <testcase classname="com.qa.testscripts.TC_GoogleSearchItem_01" name="SearchItem" time="8.219"/>
  <system-out>
    <![CDATA[qa lead interview questions
qa lead roles and responsibilities
qa lead jobs in chennai
qa lead
qa lead salary in india
qa lead salary
qa lead resume
qa lead roles and responsibilities in agile
qa lead jobs
qa lead job description

Title has QA Lead]]>
  </system-out>
  <testcase classname="com.qa.testscripts.TC_GoogleSearchItem_01" name="SearchItem" time="7.307"/>
  <system-out>
    <![CDATA[testng
testng interview questions
testng annotations
testng framework
testng maven dependency
testng download
testng jar download
testng tutorial
testng in selenium
testng listeners

Title has TestNg]]>
  </system-out>
  <testcase classname="com.qa.testscripts.TC_GoogleSearchItem_01" name="SearchItem" time="11.188"/>
  <system-out>
    <![CDATA[selenium
selenium interview questions
selenium tutorial
selenium download
selenium webdriver
selenium testing
selenium rich foods
selenium maven dependency
selenium jar download
selenium interview questions for experienced

Title has Selenium]]>
  </system-out>
  <testcase classname="com.qa.testscripts.TC_GoogleSearchItem_01" name="SearchItem" time="7.278"/>
  <system-out>
    <![CDATA[soapui download
soapui
soapui testing
soapui tutorial
soapui tool
soapui vs postman
soapui interview questions
soapui automation
soapui 5.5.0 download
soapui install

Title has SoapUI]]>
  </system-out>
</testsuite> <!-- com.qa.testscripts.TC_GoogleSearchItem_01 -->
